TACC: Starting up job 723683
TACC: Starting parallel tasks...
Anasazi::BasicEigenproblem::setProblem() returned with success.
================================================================================

                         BlockKrylovSchur Solver Status

The solver is initialized.
The number of iterations performed is 362
The block size is         1
The number of blocks is   41
The current basis size is 42
The number of auxiliary vectors is 0
The number of operations Op*x   is 362

CURRENT RITZ VALUES             
              Ritz Value                 Ritz Residual
--------------------------------------------------------------------------------
   6.948834e-01 + i   7.669069e-01        5.032487e-07
   6.948834e-01 - i   7.669069e-01        5.032487e-07

================================================================================

Anasazi::EigensolverMgr::solve() returned converged.

Computed Ritz Values
       Real Part       Imag Part
-----------------------------------------------------------
    6.948834e-01    7.669069e-01
    6.948834e-01   -7.669069e-01
    7.151840e-01    6.823176e-01
    7.151840e-01   -6.823176e-01
    5.257065e-01    8.198991e-01
    5.257065e-01   -8.198991e-01
    6.324985e-01    7.355431e-01
    6.324985e-01   -7.355431e-01
    5.795239e-01    7.753845e-01
    5.795239e-01   -7.753845e-01
    7.862713e-01    5.154324e-01
    7.862713e-01   -5.154324e-01
    8.385742e-01    4.248673e-01
    8.385742e-01   -4.248673e-01
    9.033094e-01    2.170967e-01
    9.033094e-01   -2.170967e-01
    3.653731e-01    8.493405e-01
    3.653731e-01   -8.493405e-01
    9.171483e-01    0.000000e+00
    1.247901e-01    8.841754e-01
    1.247901e-01   -8.841754e-01
   -4.639249e-02    8.903282e-01
   -4.639249e-02   -8.903282e-01
   -1.551375e-01    8.756671e-01
   -1.551375e-01   -8.756671e-01
   -2.430309e-01    8.494527e-01
   -2.430309e-01   -8.494527e-01
    8.669031e-01    0.000000e+00
   -4.841918e-01    6.916708e-01
   -4.841918e-01   -6.916708e-01
   -3.446276e-01    7.612723e-01
   -3.446276e-01   -7.612723e-01
   -5.862605e-01    5.869682e-01
   -5.862605e-01   -5.869682e-01
   -6.496361e-01    4.806016e-01
   -6.496361e-01   -4.806016e-01
   -7.136531e-01    3.533685e-01
   -7.136531e-01   -3.533685e-01
   -7.670944e-01    9.992617e-02
   -7.670944e-01   -9.992617e-02
   -7.306363e-01    2.175384e-01
   -7.306363e-01   -2.175384e-01
-----------------------------------------------------------

Actual Residuals
       Real Part       Imag Part     Direct Residual
-----------------------------------------------------------
    6.948834e-01    7.669069e-01        2.640685e-02
    6.948834e-01   -7.669069e-01        2.640685e-02
-----------------------------------------------------------
 
TACC: Shutdown complete. Exiting.
