TACC: Starting up job 724388
TACC: Starting parallel tasks...
Anasazi::BasicEigenproblem::setProblem() returned with success.
================================================================================

                         BlockKrylovSchur Solver Status

The solver is initialized.
The number of iterations performed is 322
The block size is         1
The number of blocks is   41
The current basis size is 42
The number of auxiliary vectors is 0
The number of operations Op*x   is 322

CURRENT RITZ VALUES             
              Ritz Value                 Ritz Residual
--------------------------------------------------------------------------------
   7.529812e-01 + i   7.294218e-01        1.346491e-07
   7.529812e-01 - i   7.294218e-01        1.346491e-07

================================================================================

Anasazi::EigensolverMgr::solve() returned converged.

Computed Ritz Values
       Real Part       Imag Part
-----------------------------------------------------------
    7.529812e-01    7.294218e-01
    7.529812e-01   -7.294218e-01
    6.499556e-01    7.583419e-01
    6.499556e-01   -7.583419e-01
    7.963891e-01    5.631677e-01
    7.963891e-01   -5.631677e-01
    8.652169e-01    4.402424e-01
    8.652169e-01   -4.402424e-01
    7.102760e-01    6.552355e-01
    7.102760e-01   -6.552355e-01
    4.960528e-01    8.119107e-01
    4.960528e-01   -8.119107e-01
    8.875109e-01    3.337459e-01
    8.875109e-01   -3.337459e-01
    3.766981e-01    8.412956e-01
    3.766981e-01   -8.412956e-01
    8.830319e-01    2.200457e-01
    8.830319e-01   -2.200457e-01
    9.099539e-01    0.000000e+00
    2.364051e-01    8.596833e-01
    2.364051e-01   -8.596833e-01
    5.524554e-02    8.694922e-01
    5.524554e-02   -8.694922e-01
   -3.944570e-01    7.447451e-01
   -3.944570e-01   -7.447451e-01
   -1.094254e-01    8.262666e-01
   -1.094254e-01   -8.262666e-01
   -6.569582e-01    5.096120e-01
   -6.569582e-01   -5.096120e-01
   -1.820780e-01    8.042320e-01
   -1.820780e-01   -8.042320e-01
   -4.998622e-01    6.444127e-01
   -4.998622e-01   -6.444127e-01
   -7.266325e-01    2.926039e-01
   -7.266325e-01   -2.926039e-01
   -7.606710e-01    1.398620e-01
   -7.606710e-01   -1.398620e-01
   -5.524766e-01    5.379561e-01
   -5.524766e-01   -5.379561e-01
   -7.162691e-01    0.000000e+00
   -4.359957e-01    4.652978e-01
   -4.359957e-01   -4.652978e-01
-----------------------------------------------------------

Actual Residuals
       Real Part       Imag Part     Direct Residual
-----------------------------------------------------------
    7.529812e-01    7.294218e-01        2.664965e-02
    7.529812e-01   -7.294218e-01        2.664965e-02
-----------------------------------------------------------
 
TACC: Shutdown complete. Exiting.
